2022-04-22 14:57:04,535 INFO org.springframework.cloud.config.client.ConfigServicePropertySourceLocator [main] Fetching config from server at : http://localhost:8888
2022-04-22 14:57:06,085 INFO org.springframework.cloud.config.client.ConfigServicePropertySourceLocator [main] Located environment: name=ms-account, profiles=[default], label=null, version=84207cf52359c6c38a9de41dd528e285af1dc7b7, state=null
2022-04-22 14:57:06,088 INFO org.springframework.cloud.bootstrap.config.PropertySourceBootstrapConfiguration [main] Located property source: [BootstrapPropertySource {name='bootstrapProperties-configClient'}, BootstrapPropertySource {name='bootstrapProperties-https://github.com/yegecali/ExampleMicroserviceRxJava.git/file:C:\Users\YEMIGE~1\AppData\Local\Temp\config-repo-5911199697337837746\ConfigRepository\ms-account.yml'}]
2022-04-22 14:57:06,109 INFO org.springframework.boot.SpringApplication [main] No active profile set, falling back to 1 default profile: "default"
2022-04-22 14:57:08,053 INFO org.springframework.data.repository.config.RepositoryConfigurationDelegate [main] Bootstrapping Spring Data MongoDB repositories in DEFAULT mode.
2022-04-22 14:57:08,456 INFO org.springframework.data.repository.config.RepositoryConfigurationDelegate [main] Finished Spring Data repository scanning in 394 ms. Found 2 MongoDB repository interfaces.
2022-04-22 14:57:08,859 INFO org.springframework.cloud.context.scope.GenericScope [main] BeanFactory id=803b94b4-e78e-3329-b457-0b8fcd27eb0c
2022-04-22 14:57:09,533 INFO org.springframework.boot.web.embedded.tomcat.TomcatWebServer [main] Tomcat initialized with port(s): 8002 (http)
2022-04-22 14:57:09,558 INFO org.apache.juli.logging.DirectJDKLog [main] Initializing ProtocolHandler ["http-nio-8002"]
2022-04-22 14:57:09,560 INFO org.apache.juli.logging.DirectJDKLog [main] Starting service [Tomcat]
2022-04-22 14:57:09,562 INFO org.apache.juli.logging.DirectJDKLog [main] Starting Servlet engine: [Apache Tomcat/9.0.62]
2022-04-22 14:57:09,910 INFO org.apache.juli.logging.DirectJDKLog [main] Initializing Spring embedded WebApplicationContext
2022-04-22 14:57:09,912 INFO org.springframework.boot.web.servlet.context.ServletWebServerApplicationContext [main] Root WebApplicationContext: initialization completed in 3743 ms
2022-04-22 14:57:10,669 INFO com.mongodb.diagnostics.logging.SLF4JLogger [main] Cluster created with settings {hosts=[127.0.0.1:27017], srvHost=cluster0.r9lfo.mongodb.net, mode=MULTIPLE, requiredClusterType=REPLICA_SET, serverSelectionTimeout='30000 ms', requiredReplicaSetName='atlas-alx4g0-shard-0'}
2022-04-22 14:57:10,831 INFO com.mongodb.diagnostics.logging.SLF4JLogger [cluster-ClusterId{value='626308965e0a0a0451fa5a6e', description='null'}-srv-cluster0.r9lfo.mongodb.net] Adding discovered server cluster0-shard-00-00.r9lfo.mongodb.net:27017 to client view of cluster
2022-04-22 14:57:10,951 INFO com.mongodb.diagnostics.logging.SLF4JLogger [cluster-ClusterId{value='626308965e0a0a0451fa5a6e', description='null'}-srv-cluster0.r9lfo.mongodb.net] Adding discovered server cluster0-shard-00-02.r9lfo.mongodb.net:27017 to client view of cluster
2022-04-22 14:57:10,953 INFO com.mongodb.diagnostics.logging.SLF4JLogger [cluster-ClusterId{value='626308965e0a0a0451fa5a6e', description='null'}-srv-cluster0.r9lfo.mongodb.net] Adding discovered server cluster0-shard-00-01.r9lfo.mongodb.net:27017 to client view of cluster
2022-04-22 14:57:11,073 WARN org.springframework.data.convert.CustomConversions [main] Registering converter from class java.time.LocalDateTime to class org.joda.time.LocalDateTime as reading converter although it doesn't convert from a store-supported type! You might want to check your annotation setup at the converter implementation.
2022-04-22 14:57:11,328 WARN org.springframework.data.convert.CustomConversions [main] Registering converter from class java.time.LocalDateTime to class org.joda.time.LocalDateTime as reading converter although it doesn't convert from a store-supported type! You might want to check your annotation setup at the converter implementation.
2022-04-22 14:57:12,203 INFO com.mongodb.diagnostics.logging.SLF4JLogger [cluster-rtt-ClusterId{value='626308965e0a0a0451fa5a6e', description='null'}-cluster0-shard-00-01.r9lfo.mongodb.net:27017] Opened connection [connectionId{localValue:4, serverValue:210127}] to cluster0-shard-00-01.r9lfo.mongodb.net:27017
2022-04-22 14:57:12,203 INFO com.mongodb.diagnostics.logging.SLF4JLogger [cluster-rtt-ClusterId{value='626308965e0a0a0451fa5a6e', description='null'}-cluster0-shard-00-02.r9lfo.mongodb.net:27017] Opened connection [connectionId{localValue:6, serverValue:212715}] to cluster0-shard-00-02.r9lfo.mongodb.net:27017
2022-04-22 14:57:12,203 INFO com.mongodb.diagnostics.logging.SLF4JLogger [cluster-ClusterId{value='626308965e0a0a0451fa5a6e', description='null'}-cluster0-shard-00-02.r9lfo.mongodb.net:27017] Opened connection [connectionId{localValue:1, serverValue:212715}] to cluster0-shard-00-02.r9lfo.mongodb.net:27017
2022-04-22 14:57:12,202 INFO com.mongodb.diagnostics.logging.SLF4JLogger [cluster-rtt-ClusterId{value='626308965e0a0a0451fa5a6e', description='null'}-cluster0-shard-00-00.r9lfo.mongodb.net:27017] Opened connection [connectionId{localValue:2, serverValue:210490}] to cluster0-shard-00-00.r9lfo.mongodb.net:27017
2022-04-22 14:57:12,203 INFO com.mongodb.diagnostics.logging.SLF4JLogger [cluster-ClusterId{value='626308965e0a0a0451fa5a6e', description='null'}-cluster0-shard-00-01.r9lfo.mongodb.net:27017] Opened connection [connectionId{localValue:3, serverValue:210127}] to cluster0-shard-00-01.r9lfo.mongodb.net:27017
2022-04-22 14:57:12,203 INFO com.mongodb.diagnostics.logging.SLF4JLogger [cluster-ClusterId{value='626308965e0a0a0451fa5a6e', description='null'}-cluster0-shard-00-00.r9lfo.mongodb.net:27017] Opened connection [connectionId{localValue:5, serverValue:210490}] to cluster0-shard-00-00.r9lfo.mongodb.net:27017
2022-04-22 14:57:12,248 INFO com.mongodb.diagnostics.logging.SLF4JLogger [cluster-ClusterId{value='626308965e0a0a0451fa5a6e', description='null'}-cluster0-shard-00-02.r9lfo.mongodb.net:27017] Monitor thread successfully connected to server with description ServerDescription{address=cluster0-shard-00-02.r9lfo.mongodb.net:27017, type=REPLICA_SET_PRIMARY, state=CONNECTED, ok=true, minWireVersion=0, maxWireVersion=13, maxDocumentSize=16777216, logicalSessionTimeoutMinutes=30, roundTripTimeNanos=604470400, setName='atlas-alx4g0-shard-0', canonicalAddress=cluster0-shard-00-02.r9lfo.mongodb.net:27017, hosts=[cluster0-shard-00-00.r9lfo.mongodb.net:27017, cluster0-shard-00-02.r9lfo.mongodb.net:27017, cluster0-shard-00-01.r9lfo.mongodb.net:27017], passives=[], arbiters=[], primary='cluster0-shard-00-02.r9lfo.mongodb.net:27017', tagSet=TagSet{[Tag{name='nodeType', value='ELECTABLE'}, Tag{name='provider', value='AWS'}, Tag{name='region', value='SA_EAST_1'}, Tag{name='workloadType', value='OPERATIONAL'}]}, electionId=7fffffff0000000000000004, setVersion=1, topologyVersion=TopologyVersion{processId=6255b390a31695a80f32b3f2, counter=6}, lastWriteDate=Fri Apr 22 14:57:07 COT 2022, lastUpdateTimeNanos=22008481203100}
2022-04-22 14:57:12,255 INFO com.mongodb.diagnostics.logging.SLF4JLogger [cluster-ClusterId{value='626308965e0a0a0451fa5a6e', description='null'}-cluster0-shard-00-01.r9lfo.mongodb.net:27017] Monitor thread successfully connected to server with description ServerDescription{address=cluster0-shard-00-01.r9lfo.mongodb.net:27017, type=REPLICA_SET_SECONDARY, state=CONNECTED, ok=true, minWireVersion=0, maxWireVersion=13, maxDocumentSize=16777216, logicalSessionTimeoutMinutes=30, roundTripTimeNanos=577084100, setName='atlas-alx4g0-shard-0', canonicalAddress=cluster0-shard-00-01.r9lfo.mongodb.net:27017, hosts=[cluster0-shard-00-00.r9lfo.mongodb.net:27017, cluster0-shard-00-02.r9lfo.mongodb.net:27017, cluster0-shard-00-01.r9lfo.mongodb.net:27017], passives=[], arbiters=[], primary='cluster0-shard-00-02.r9lfo.mongodb.net:27017', tagSet=TagSet{[Tag{name='nodeType', value='ELECTABLE'}, Tag{name='provider', value='AWS'}, Tag{name='region', value='SA_EAST_1'}, Tag{name='workloadType', value='OPERATIONAL'}]}, electionId=null, setVersion=1, topologyVersion=TopologyVersion{processId=6255b3e1211cf018353ad58b, counter=3}, lastWriteDate=Fri Apr 22 14:57:07 COT 2022, lastUpdateTimeNanos=22008481073700}
2022-04-22 14:57:12,255 INFO com.mongodb.diagnostics.logging.SLF4JLogger [cluster-ClusterId{value='626308965e0a0a0451fa5a6e', description='null'}-cluster0-shard-00-00.r9lfo.mongodb.net:27017] Monitor thread successfully connected to server with description ServerDescription{address=cluster0-shard-00-00.r9lfo.mongodb.net:27017, type=REPLICA_SET_SECONDARY, state=CONNECTED, ok=true, minWireVersion=0, maxWireVersion=13, maxDocumentSize=16777216, logicalSessionTimeoutMinutes=30, roundTripTimeNanos=586948200, setName='atlas-alx4g0-shard-0', canonicalAddress=cluster0-shard-00-00.r9lfo.mongodb.net:27017, hosts=[cluster0-shard-00-00.r9lfo.mongodb.net:27017, cluster0-shard-00-02.r9lfo.mongodb.net:27017, cluster0-shard-00-01.r9lfo.mongodb.net:27017], passives=[], arbiters=[], primary='cluster0-shard-00-02.r9lfo.mongodb.net:27017', tagSet=TagSet{[Tag{name='nodeType', value='ELECTABLE'}, Tag{name='provider', value='AWS'}, Tag{name='region', value='SA_EAST_1'}, Tag{name='workloadType', value='OPERATIONAL'}]}, electionId=null, setVersion=1, topologyVersion=TopologyVersion{processId=6255b34022fef2a4533a28ea, counter=4}, lastWriteDate=Fri Apr 22 14:57:07 COT 2022, lastUpdateTimeNanos=22008481128000}
2022-04-22 14:57:12,262 INFO com.mongodb.diagnostics.logging.SLF4JLogger [cluster-ClusterId{value='626308965e0a0a0451fa5a6e', description='null'}-cluster0-shard-00-02.r9lfo.mongodb.net:27017] Setting max election id to 7fffffff0000000000000004 from replica set primary cluster0-shard-00-02.r9lfo.mongodb.net:27017
2022-04-22 14:57:12,263 INFO com.mongodb.diagnostics.logging.SLF4JLogger [cluster-ClusterId{value='626308965e0a0a0451fa5a6e', description='null'}-cluster0-shard-00-02.r9lfo.mongodb.net:27017] Setting max set version to 1 from replica set primary cluster0-shard-00-02.r9lfo.mongodb.net:27017
2022-04-22 14:57:12,264 INFO com.mongodb.diagnostics.logging.SLF4JLogger [cluster-ClusterId{value='626308965e0a0a0451fa5a6e', description='null'}-cluster0-shard-00-02.r9lfo.mongodb.net:27017] Discovered replica set primary cluster0-shard-00-02.r9lfo.mongodb.net:27017
2022-04-22 14:57:14,982 INFO org.springframework.cloud.netflix.eureka.config.DiscoveryClientOptionalArgsConfiguration [main] Eureka HTTP Client uses RestTemplate.
2022-04-22 14:57:15,083 WARN org.springframework.cloud.loadbalancer.config.LoadBalancerCacheAutoConfiguration$LoadBalancerCaffeineWarnLogger [main] Spring Cloud LoadBalancer is currently working with the default cache. While this cache implementation is useful for development and tests, it's recommended to use Caffeine cache in production.You can switch to using Caffeine cache, by adding it and org.springframework.cache.caffeine.CaffeineCacheManager to the classpath.
2022-04-22 14:57:15,093 INFO org.springframework.boot.actuate.endpoint.web.EndpointLinksResolver [main] Exposing 16 endpoint(s) beneath base path '/actuator'
2022-04-22 14:57:15,160 INFO org.springframework.cloud.netflix.eureka.InstanceInfoFactory [main] Setting initial instance status as: STARTING
2022-04-22 14:57:15,296 INFO com.netflix.discovery.DiscoveryClient [main] Initializing Eureka in region us-east-1
2022-04-22 14:57:15,308 INFO com.netflix.discovery.shared.resolver.aws.ConfigClusterResolver [main] Resolving eureka endpoints via configuration
2022-04-22 14:57:15,356 INFO com.netflix.discovery.DiscoveryClient [main] Disable delta property : false
2022-04-22 14:57:15,357 INFO com.netflix.discovery.DiscoveryClient [main] Single vip registry refresh property : null
2022-04-22 14:57:15,357 INFO com.netflix.discovery.DiscoveryClient [main] Force full registry fetch : false
2022-04-22 14:57:15,358 INFO com.netflix.discovery.DiscoveryClient [main] Application is null : false
2022-04-22 14:57:15,358 INFO com.netflix.discovery.DiscoveryClient [main] Registered Applications size is zero : true
2022-04-22 14:57:15,359 INFO com.netflix.discovery.DiscoveryClient [main] Application version is -1: true
2022-04-22 14:57:15,359 INFO com.netflix.discovery.DiscoveryClient [main] Getting all instance registry info from the eureka server
2022-04-22 14:57:15,701 INFO com.netflix.discovery.DiscoveryClient [main] The response status is 200
2022-04-22 14:57:15,707 INFO com.netflix.discovery.DiscoveryClient [main] Starting heartbeat executor: renew interval is: 30
2022-04-22 14:57:15,711 INFO com.netflix.discovery.InstanceInfoReplicator [main] InstanceInfoReplicator onDemand update allowed rate per min is 4
2022-04-22 14:57:15,720 INFO com.netflix.discovery.DiscoveryClient [main] Discovery Client initialized at timestamp 1650657435718 with initial instances count: 2
2022-04-22 14:57:15,722 INFO org.springframework.cloud.netflix.eureka.serviceregistry.EurekaServiceRegistry [main] Registering application MS-ACCOUNT with eureka with status UP
2022-04-22 14:57:15,724 INFO com.netflix.discovery.DiscoveryClient$3 [main] Saw local status change event StatusChangeEvent [timestamp=1650657435724, current=UP, previous=STARTING]
2022-04-22 14:57:15,727 INFO org.apache.juli.logging.DirectJDKLog [main] Starting ProtocolHandler ["http-nio-8002"]
2022-04-22 14:57:15,728 INFO com.netflix.discovery.DiscoveryClient [DiscoveryClient-InstanceInfoReplicator-0] DiscoveryClient_MS-ACCOUNT/ms-account:085516f32097745b8a296bd93bd41339: registering service...
2022-04-22 14:57:15,793 INFO org.springframework.boot.web.embedded.tomcat.TomcatWebServer [main] Tomcat started on port(s): 8002 (http) with context path ''
2022-04-22 14:57:15,794 INFO org.springframework.cloud.netflix.eureka.serviceregistry.EurekaAutoServiceRegistration [main] Updating port to 8002
2022-04-22 14:57:15,821 INFO com.netflix.discovery.DiscoveryClient [DiscoveryClient-InstanceInfoReplicator-0] DiscoveryClient_MS-ACCOUNT/ms-account:085516f32097745b8a296bd93bd41339 - registration status: 204
2022-04-22 14:57:15,971 INFO org.springframework.boot.StartupInfoLogger [main] Started MsAccountApplication in 13.276 seconds (JVM running for 14.316)
2022-04-22 15:02:15,377 INFO com.netflix.discovery.shared.resolver.aws.ConfigClusterResolver [AsyncResolver-bootstrap-executor-0] Resolving eureka endpoints via configuration
2022-04-22 15:03:55,913 INFO org.springframework.cloud.netflix.eureka.serviceregistry.EurekaServiceRegistry [SpringApplicationShutdownHook] Unregistering application MS-ACCOUNT with eureka with status DOWN
2022-04-22 15:03:55,914 INFO com.netflix.discovery.DiscoveryClient$3 [SpringApplicationShutdownHook] Saw local status change event StatusChangeEvent [timestamp=1650657835914, current=DOWN, previous=UP]
2022-04-22 15:03:55,914 INFO com.netflix.discovery.DiscoveryClient [DiscoveryClient-InstanceInfoReplicator-0] DiscoveryClient_MS-ACCOUNT/ms-account:085516f32097745b8a296bd93bd41339: registering service...
2022-04-22 15:03:55,922 INFO com.netflix.discovery.DiscoveryClient [DiscoveryClient-InstanceInfoReplicator-0] DiscoveryClient_MS-ACCOUNT/ms-account:085516f32097745b8a296bd93bd41339 - registration status: 204
2022-04-22 15:03:56,391 INFO com.netflix.discovery.DiscoveryClient [SpringApplicationShutdownHook] Shutting down DiscoveryClient ...
2022-04-22 15:03:59,402 INFO com.netflix.discovery.DiscoveryClient [SpringApplicationShutdownHook] Unregistering ...
2022-04-22 15:03:59,415 INFO com.netflix.discovery.DiscoveryClient [SpringApplicationShutdownHook] DiscoveryClient_MS-ACCOUNT/ms-account:085516f32097745b8a296bd93bd41339 - deregister  status: 200
2022-04-22 15:03:59,428 INFO com.netflix.discovery.DiscoveryClient [SpringApplicationShutdownHook] Completed shut down of DiscoveryClient
